#
# A fatal error has been detected by the Java Runtime Environment:
#
#  EXCEPTION_ACCESS_VIOLATION (0xc0000005) at pc=0x00000000747bfbd2, pid=12672, tid=0x000000000000177c
#
# JRE version: Java(TM) SE Runtime Environment (8.0_121-b13) (build 1.8.0_121-b13)
# Java VM: Java HotSpot(TM) 64-Bit Server VM (25.121-b13 mixed mode windows-amd64 compressed oops)
# Problematic frame:
# V  [jvm.dll+0xafbd2]
#
# Failed to write core dump. Minidumps are not enabled by default on client versions of Windows
#
# If you would like to submit a bug report, please visit:
#   http://bugreport.java.com/bugreport/crash.jsp
#

---------------  T H R E A D  ---------------

Current thread (0x0000000004aeb800):  GCTaskThread [stack: 0x0000000014610000,0x0000000014710000] [id=6012]

siginfo: ExceptionCode=0xc0000005, reading address 0xffffffffffffffff

Registers:
RAX=0x0004000000060003, RBX=0x00000000edc10810, RCX=0x0000000100240f98, RDX=0x00000000edc10810
RSP=0x000000001470f708, RBP=0x0000000000000000, RSI=0x0000000004bc04c0, RDI=0x0000212300001284
R8 =0x0000000000000001, R9 =0x0000000100240f98, R10=0x0000000000000008, R11=0x00000000f1de4050
R12=0x0000000074d64d58, R13=0x0000000000000005, R14=0x0000000000000000, R15=0x0000000004aebd60
RIP=0x00000000747bfbd2, EFLAGS=0x0000000000010202

Top of Stack: (sp=0x000000001470f708)
0x000000001470f708:   0000000074b10ab2 00000000ed6d17e8
0x000000001470f718:   0000000000000003 0000000004bc04c0
0x000000001470f728:   00007ffc9eb63b7f 00000000f1ddc060
0x000000001470f738:   0000000000001000 00000000863b8744
0x000000001470f748:   0000000074823393 0000000000000000
0x000000001470f758:   0000000004ae3c01 0000000074d64d58
0x000000001470f768:   0000000074b10e20 00000000f1ddf028
0x000000001470f778:   0000000000000000 0000000004bc04c0
0x000000001470f788:   0000212300001284 00000000f1ddf028
0x000000001470f798:   0000000074b117f5 0000000000000005
0x000000001470f7a8:   0000000074d64d58 00000000f1cf1230
0x000000001470f7b8:   0000000074b10d31 0000212300001284
0x000000001470f7c8:   0000000000000003 0000000004bc04c0
0x000000001470f7d8:   0000212300001284 0000000000000200
0x000000001470f7e8:   0000212200001284 000022c600001c48
0x000000001470f7f8:   000022c600001c4c 0000000004aebd50 

Instructions: (pc=0x00000000747bfbd2)
0x00000000747bfbb2:   e2 49 8d 0c 11 49 f7 d1 48 03 c1 49 c1 e9 03 48
0x00000000747bfbc2:   c1 e8 03 41 23 c1 c3 48 8b 02 48 8b d1 49 8b c9
0x00000000747bfbd2:   48 ff a0 e8 00 00 00 cc cc cc cc cc cc cc 80 3d
0x00000000747bfbe2:   8a c7 75 00 00 48 8b c1 74 1b 8b 51 08 8b 0d b3 


Register to memory mapping:

RAX=0x0004000000060003 is an unknown value
RBX=0x00000000edc10810 is an oop

[error occurred during error reporting (printing register info), id 0xc0000005]

Stack: [0x0000000014610000,0x0000000014710000],  sp=0x000000001470f708,  free space=1021k
Native frames: (J=compiled Java code, j=interpreted, Vv=VM code, C=native code)


---------------  P R O C E S S  ---------------

Java Threads: ( => current thread )
  0x0000000068f11800 JavaThread "ForkJoinPool-1-worker-7" daemon [_thread_blocked, id=10724, stack(0x0000000069e10000,0x0000000069f10000)]
  0x0000000068f11000 JavaThread "ForkJoinPool-1-worker-1" daemon [_thread_blocked, id=6780, stack(0x0000000069d10000,0x0000000069e10000)]
  0x00000000686d3000 JavaThread "ForkJoinPool-1-worker-3" daemon [_thread_blocked, id=5900, stack(0x0000000069c10000,0x0000000069d10000)]
  0x000000001d5b5000 JavaThread "ForkJoinPool-1-worker-5" daemon [_thread_blocked, id=476, stack(0x0000000069b10000,0x0000000069c10000)]
  0x000000001b9d5800 JavaThread "main-SharedResourceRunner" daemon [_thread_blocked, id=12032, stack(0x000000001e620000,0x000000001e720000)]
  0x000000001b8b9000 JavaThread "AWT-Windows" daemon [_thread_in_native, id=8848, stack(0x000000001c6e0000,0x000000001c7e0000)]
  0x000000001b8b7800 JavaThread "Java2D Disposer" daemon [_thread_blocked, id=13008, stack(0x000000001c4e0000,0x000000001c5e0000)]
  0x000000001af81800 JavaThread "Service Thread" daemon [_thread_blocked, id=2820, stack(0x000000001b3c0000,0x000000001b4c0000)]
  0x000000001af29800 JavaThread "C1 CompilerThread2" daemon [_thread_blocked, id=12108, stack(0x000000001b2c0000,0x000000001b3c0000)]
  0x000000001aebd800 JavaThread "C2 CompilerThread1" daemon [_thread_blocked, id=10768, stack(0x000000001b1c0000,0x000000001b2c0000)]
  0x000000001aebc800 JavaThread "C2 CompilerThread0" daemon [_thread_in_native, id=9692, stack(0x000000001b0c0000,0x000000001b1c0000)]
  0x000000001aedf800 JavaThread "Monitor Ctrl-Break" daemon [_thread_in_native, id=784, stack(0x000000001afc0000,0x000000001b0c0000)]
  0x0000000019566000 JavaThread "Attach Listener" daemon [_thread_blocked, id=2612, stack(0x000000001aac0000,0x000000001abc0000)]
  0x0000000019565000 JavaThread "Signal Dispatcher" daemon [_thread_blocked, id=908, stack(0x000000001a9c0000,0x000000001aac0000)]
  0x000000001954e800 JavaThread "Finalizer" daemon [_thread_blocked, id=3780, stack(0x000000001a7d0000,0x000000001a8d0000)]
  0x0000000004bc6000 JavaThread "Reference Handler" daemon [_thread_blocked, id=3600, stack(0x000000001a6d0000,0x000000001a7d0000)]
  0x000000000476d800 JavaThread "main" [_thread_blocked, id=1424, stack(0x0000000004870000,0x0000000004970000)]

Other Threads:
  0x0000000019527800 VMThread [stack: 0x000000001a5d0000,0x000000001a6d0000] [id=5804]
  0x000000001afa8800 WatcherThread [stack: 0x000000001bcc0000,0x000000001bdc0000] [id=5032]

=>0x0000000004aeb800 (exited) GCTaskThread [stack: 0x0000000014610000,0x0000000014710000] [id=6012]

VM state:at safepoint (normal execution)

VM Mutex/Monitor currently owned by a thread:  ([mutex/lock_event])
[0x0000000004ad3a20] Threads_lock - owner thread: 0x0000000019527800
[0x0000000004ad3c20] Heap_lock - owner thread: 0x00000000686d3000

Heap:
 PSYoungGen      total 408064K, used 394272K [0x00000000d6d00000, 0x00000000f2a00000, 0x0000000100000000)
  eden space 389120K, 100% used [0x00000000d6d00000,0x00000000ee900000,0x00000000ee900000)
  from space 18944K, 27% used [0x00000000ee900000,0x00000000eee08050,0x00000000efb80000)
  to   space 17408K, 35% used [0x00000000f1900000,0x00000000f1f04060,0x00000000f2a00000)
 ParOldGen       total 1086464K, used 921945K [0x0000000084600000, 0x00000000c6b00000, 0x00000000d6d00000)
  object space 1086464K, 84% used [0x0000000084600000,0x00000000bca56600,0x00000000c6b00000)
 Metaspace       used 51173K, capacity 51394K, committed 51584K, reserved 1095680K
  class space    used 5817K, capacity 5917K, committed 6016K, reserved 1048576K

Card table byte_map: [0x0000000013f90000,0x0000000014370000] byte_map_base: 0x0000000013b6d000

Marking Bits: (ParMarkBitMap*) 0x0000000074f2b6d0
 Begin Bits: [0x0000000014a10000, 0x00000000168f8000)
 End Bits:   [0x00000000168f8000, 0x00000000187e0000)

Polling page: 0x0000000002ec0000

CodeCache: size=245760Kb used=13097Kb max_used=13097Kb free=232662Kb
 bounds [0x0000000004bd0000, 0x00000000058b0000, 0x0000000013bd0000]
 total_blobs=5544 nmethods=3884 adapters=1570
 compilation: enabled

Compilation events (10 events):
Event: 39.433 Thread 0x000000001af29800 4535       1       scala.collection.immutable.HashMap$HashMap1::kv (5 bytes)
Event: 39.433 Thread 0x000000001af29800 nmethod 4535 0x000000000587fd10 code [0x000000000587fe60, 0x000000000587ff70]
Event: 39.440 Thread 0x000000001af29800 4536       3       scala.collection.parallel.immutable.ParVector$ParVectorIterator::psplitWithSignalling (6 bytes)
Event: 39.441 Thread 0x000000001af29800 nmethod 4536 0x000000000589e690 code [0x000000000589e840, 0x000000000589ed58]
Event: 39.441 Thread 0x000000001af29800 4539       3       scala.collection.parallel.Task$class::repr (2 bytes)
Event: 39.441 Thread 0x000000001af29800 nmethod 4539 0x00000000058a0ed0 code [0x00000000058a1020, 0x00000000058a1150]
Event: 39.441 Thread 0x000000001af29800 4537       3       scala.collection.parallel.ParSeqLike$Zip::split (177 bytes)
Event: 39.442 Thread 0x000000001af29800 nmethod 4537 0x00000000058ac210 code [0x00000000058ac4e0, 0x00000000058ade18]
Event: 39.442 Thread 0x000000001af29800 4538       3       scala.collection.parallel.immutable.ParRange$ParRangeIterator::psplitWithSignalling (6 bytes)
Event: 39.443 Thread 0x000000001af29800 nmethod 4538 0x00000000058a6590 code [0x00000000058a6740, 0x00000000058a6c58]

GC Heap History (10 events):
Event: 34.310 GC heap after
Heap after GC invocations=77 (full 6):
 PSYoungGen      total 356352K, used 64K [0x00000000d6d00000, 0x00000000ee180000, 0x0000000100000000)
  eden space 355328K, 0% used [0x00000000d6d00000,0x00000000d6d00000,0x00000000ec800000)
  from space 1024K, 6% used [0x00000000ec800000,0x00000000ec810000,0x00000000ec900000)
  to   space 1024K, 0% used [0x00000000ee080000,0x00000000ee080000,0x00000000ee180000)
 ParOldGen       total 1086464K, used 868895K [0x0000000084600000, 0x00000000c6b00000, 0x00000000d6d00000)
  object space 1086464K, 79% used [0x0000000084600000,0x00000000b9687c98,0x00000000c6b00000)
 Metaspace       used 48550K, capacity 48757K, committed 48896K, reserved 1093632K
  class space    used 5498K, capacity 5565K, committed 5632K, reserved 1048576K
}
Event: 35.432 GC heap before
{Heap before GC invocations=78 (full 6):
 PSYoungGen      total 356352K, used 355392K [0x00000000d6d00000, 0x00000000ee180000, 0x0000000100000000)
  eden space 355328K, 100% used [0x00000000d6d00000,0x00000000ec800000,0x00000000ec800000)
  from space 1024K, 6% used [0x00000000ec800000,0x00000000ec810000,0x00000000ec900000)
  to   space 1024K, 0% used [0x00000000ee080000,0x00000000ee080000,0x00000000ee180000)
 ParOldGen       total 1086464K, used 868895K [0x0000000084600000, 0x00000000c6b00000, 0x00000000d6d00000)
  object space 1086464K, 79% used [0x0000000084600000,0x00000000b9687c98,0x00000000c6b00000)
 Metaspace       used 48916K, capacity 49109K, committed 49152K, reserved 1093632K
  class space    used 5542K, capacity 5597K, committed 5632K, reserved 1048576K
Event: 35.495 GC heap after
Heap after GC invocations=78 (full 6):
 PSYoungGen      total 360448K, used 1024K [0x00000000d6d00000, 0x00000000f1100000, 0x0000000100000000)
  eden space 359424K, 0% used [0x00000000d6d00000,0x00000000d6d00000,0x00000000ecc00000)
  from space 1024K, 100% used [0x00000000ee080000,0x00000000ee180000,0x00000000ee180000)
  to   space 20992K, 0% used [0x00000000ecc00000,0x00000000ecc00000,0x00000000ee080000)
 ParOldGen       total 1086464K, used 921905K [0x0000000084600000, 0x00000000c6b00000, 0x00000000d6d00000)
  object space 1086464K, 84% used [0x0000000084600000,0x00000000bca4c600,0x00000000c6b00000)
 Metaspace       used 48916K, capacity 49109K, committed 49152K, reserved 1093632K
  class space    used 5542K, capacity 5597K, committed 5632K, reserved 1048576K
}
Event: 37.509 GC heap before
{Heap before GC invocations=79 (full 6):
 PSYoungGen      total 360448K, used 360448K [0x00000000d6d00000, 0x00000000f1100000, 0x0000000100000000)
  eden space 359424K, 100% used [0x00000000d6d00000,0x00000000ecc00000,0x00000000ecc00000)
  from space 1024K, 100% used [0x00000000ee080000,0x00000000ee180000,0x00000000ee180000)
  to   space 20992K, 0% used [0x00000000ecc00000,0x00000000ecc00000,0x00000000ee080000)
 ParOldGen       total 1086464K, used 921905K [0x0000000084600000, 0x00000000c6b00000, 0x00000000d6d00000)
  object space 1086464K, 84% used [0x0000000084600000,0x00000000bca4c600,0x00000000c6b00000)
 Metaspace       used 51081K, capacity 51330K, committed 51584K, reserved 1095680K
  class space    used 5815K, capacity 5917K, committed 6016K, reserved 1048576K
Event: 37.522 GC heap after
Heap after GC invocations=79 (full 6):
 PSYoungGen      total 380416K, used 6325K [0x00000000d6d00000, 0x00000000f0f00000, 0x0000000100000000)
  eden space 359424K, 0% used [0x00000000d6d00000,0x00000000d6d00000,0x00000000ecc00000)
  from space 20992K, 30% used [0x00000000ecc00000,0x00000000ed22d640,0x00000000ee080000)
  to   space 19456K, 0% used [0x00000000efc00000,0x00000000efc00000,0x00000000f0f00000)
 ParOldGen       total 1086464K, used 921929K [0x0000000084600000, 0x00000000c6b00000, 0x00000000d6d00000)
  object space 1086464K, 84% used [0x0000000084600000,0x00000000bca52600,0x00000000c6b00000)
 Metaspace       used 51081K, capacity 51330K, committed 51584K, reserved 1095680K
  class space    used 5815K, capacity 5917K, committed 6016K, reserved 1048576K
}
Event: 38.254 GC heap before
{Heap before GC invocations=80 (full 6):
 PSYoungGen      total 380416K, used 365749K [0x00000000d6d00000, 0x00000000f0f00000, 0x0000000100000000)
  eden space 359424K, 100% used [0x00000000d6d00000,0x00000000ecc00000,0x00000000ecc00000)
  from space 20992K, 30% used [0x00000000ecc00000,0x00000000ed22d640,0x00000000ee080000)
  to   space 19456K, 0% used [0x00000000efc00000,0x00000000efc00000,0x00000000f0f00000)
 ParOldGen       total 1086464K, used 921929K [0x0000000084600000, 0x00000000c6b00000, 0x00000000d6d00000)
  object space 1086464K, 84% used [0x0000000084600000,0x00000000bca52600,0x00000000c6b00000)
 Metaspace       used 51113K, capacity 51330K, committed 51584K, reserved 1095680K
  class space    used 5817K, capacity 5917K, committed 6016K, reserved 1048576K
Event: 38.269 GC heap after
Heap after GC invocations=80 (full 6):
 PSYoungGen      total 407552K, used 2586K [0x00000000d6d00000, 0x00000000f0e00000, 0x0000000100000000)
  eden space 389120K, 0% used [0x00000000d6d00000,0x00000000d6d00000,0x00000000ee900000)
  from space 18432K, 14% used [0x00000000efc00000,0x00000000efe86a60,0x00000000f0e00000)
  to   space 18944K, 0% used [0x00000000ee900000,0x00000000ee900000,0x00000000efb80000)
 ParOldGen       total 1086464K, used 921937K [0x0000000084600000, 0x00000000c6b00000, 0x00000000d6d00000)
  object space 1086464K, 84% used [0x0000000084600000,0x00000000bca54600,0x00000000c6b00000)
 Metaspace       used 51113K, capacity 51330K, committed 51584K, reserved 1095680K
  class space    used 5817K, capacity 5917K, committed 6016K, reserved 1048576K
}
Event: 38.816 GC heap before
{Heap before GC invocations=81 (full 6):
 PSYoungGen      total 407552K, used 391706K [0x00000000d6d00000, 0x00000000f0e00000, 0x0000000100000000)
  eden space 389120K, 100% used [0x00000000d6d00000,0x00000000ee900000,0x00000000ee900000)
  from space 18432K, 14% used [0x00000000efc00000,0x00000000efe86a60,0x00000000f0e00000)
  to   space 18944K, 0% used [0x00000000ee900000,0x00000000ee900000,0x00000000efb80000)
 ParOldGen       total 1086464K, used 921937K [0x0000000084600000, 0x00000000c6b00000, 0x00000000d6d00000)
  object space 1086464K, 84% used [0x0000000084600000,0x00000000bca54600,0x00000000c6b00000)
 Metaspace       used 51152K, capacity 51394K, committed 51584K, reserved 1095680K
  class space    used 5817K, capacity 5917K, committed 6016K, reserved 1048576K
Event: 38.826 GC heap after
Heap after GC invocations=81 (full 6):
 PSYoungGen      total 408064K, used 5152K [0x00000000d6d00000, 0x00000000f2a00000, 0x0000000100000000)
  eden space 389120K, 0% used [0x00000000d6d00000,0x00000000d6d00000,0x00000000ee900000)
  from space 18944K, 27% used [0x00000000ee900000,0x00000000eee08050,0x00000000efb80000)
  to   space 17408K, 0% used [0x00000000f1900000,0x00000000f1900000,0x00000000f2a00000)
 ParOldGen       total 1086464K, used 921937K [0x0000000084600000, 0x00000000c6b00000, 0x00000000d6d00000)
  object space 1086464K, 84% used [0x0000000084600000,0x00000000bca54600,0x00000000c6b00000)
 Metaspace       used 51152K, capacity 51394K, committed 51584K, reserved 1095680K
  class space    used 5817K, capacity 5917K, committed 6016K, reserved 1048576K
}
Event: 39.445 GC heap before
{Heap before GC invocations=82 (full 6):
 PSYoungGen      total 408064K, used 394272K [0x00000000d6d00000, 0x00000000f2a00000, 0x0000000100000000)
  eden space 389120K, 100% used [0x00000000d6d00000,0x00000000ee900000,0x00000000ee900000)
  from space 18944K, 27% used [0x00000000ee900000,0x00000000eee08050,0x00000000efb80000)
  to   space 17408K, 0% used [0x00000000f1900000,0x00000000f1900000,0x00000000f2a00000)
 ParOldGen       total 1086464K, used 921937K [0x0000000084600000, 0x00000000c6b00000, 0x00000000d6d00000)
  object space 1086464K, 84% used [0x0000000084600000,0x00000000bca54600,0x00000000c6b00000)
 Metaspace       used 51173K, capacity 51394K, committed 51584K, reserved 1095680K
  class space    used 5817K, capacity 5917K, committed 6016K, reserved 1048576K

Deoptimization events (10 events):
Event: 37.430 Thread 0x000000000476d800 Uncommon trap: reason=speculate_class_check action=maybe_recompile pc=0x0000000005244a54 method=breeze.linalg.DenseMatrix$$anon$17.simpleMap(Lbreeze/linalg/DenseMatrix;Lscala/Function1;Z)Lbreeze/linalg/DenseMatrix; @ 52
Event: 37.430 Thread 0x000000000476d800 Uncommon trap: reason=bimorphic action=maybe_recompile pc=0x000000000517254c method=breeze.linalg.DenseMatrix$$anon$17.simpleMap(Lbreeze/linalg/DenseMatrix;Lscala/Function1;Z)Lbreeze/linalg/DenseMatrix; @ 52
Event: 37.431 Thread 0x000000000476d800 Uncommon trap: reason=speculate_class_check action=maybe_recompile pc=0x0000000005244a54 method=breeze.linalg.DenseMatrix$$anon$17.simpleMap(Lbreeze/linalg/DenseMatrix;Lscala/Function1;Z)Lbreeze/linalg/DenseMatrix; @ 52
Event: 37.573 Thread 0x000000000476d800 Uncommon trap: reason=speculate_class_check action=maybe_recompile pc=0x0000000005154650 method=scala.collection.immutable.HashMap.$plus(Lscala/Tuple2;)Lscala/collection/immutable/HashMap; @ 20
Event: 37.573 Thread 0x000000000476d800 Uncommon trap: reason=speculate_class_check action=maybe_recompile pc=0x0000000005154650 method=scala.collection.immutable.HashMap.$plus(Lscala/Tuple2;)Lscala/collection/immutable/HashMap; @ 20
Event: 37.638 Thread 0x000000000476d800 Uncommon trap: reason=bimorphic action=maybe_recompile pc=0x000000000517254c method=breeze.linalg.DenseMatrix$$anon$17.simpleMap(Lbreeze/linalg/DenseMatrix;Lscala/Function1;Z)Lbreeze/linalg/DenseMatrix; @ 52
Event: 37.786 Thread 0x000000000476d800 Uncommon trap: reason=class_check action=maybe_recompile pc=0x00000000055cf28c method=scala.collection.TraversableOnce$class.toArray(Lscala/collection/TraversableOnce;Lscala/reflect/ClassTag;)Ljava/lang/Object; @ 16
Event: 37.787 Thread 0x000000000476d800 Uncommon trap: reason=class_check action=maybe_recompile pc=0x00000000055cf28c method=scala.collection.TraversableOnce$class.toArray(Lscala/collection/TraversableOnce;Lscala/reflect/ClassTag;)Ljava/lang/Object; @ 16
Event: 38.080 Thread 0x000000000476d800 Uncommon trap: reason=class_check action=maybe_recompile pc=0x00000000055ce9e8 method=scala.collection.TraversableOnce$class.toArray(Lscala/collection/TraversableOnce;Lscala/reflect/ClassTag;)Ljava/lang/Object; @ 16
Event: 39.337 Thread 0x00000000686d3000 Uncommon trap: reason=unstable_if action=reinterpret pc=0x0000000005888638 method=scalismo.statisticalmodel.asm.NormalDirectionFeatureExtractor.apply(Lscalismo/statisticalmodel/asm/PreprocessedImage;Lscalismo/geometry/Point;Lscalismo/mesh/TriangleMesh;I)L

Internal exceptions (10 events):
Event: 15.737 Thread 0x000000000476d800 Exception <a 'java/lang/ClassNotFoundException': java/rmi/package> (0x00000000d7743d90) thrown at [C:\re\workspace\8-2-build-windows-amd64-cygwin\jdk8u121\8372\hotspot\src\share\vm\classfile\systemDictionary.cpp, line 210]
Event: 15.768 Thread 0x000000000476d800 Exception <a 'java/lang/ClassNotFoundException': scala/reflect/ScalaSignature> (0x00000000d77e5650) thrown at [C:\re\workspace\8-2-build-windows-amd64-cygwin\jdk8u121\8372\hotspot\src\share\vm\classfile\systemDictionary.cpp, line 210]
Event: 15.768 Thread 0x000000000476d800 Exception <a 'java/lang/ClassNotFoundException': scala/reflect/ScalaLongSignature> (0x00000000d77e5af8) thrown at [C:\re\workspace\8-2-build-windows-amd64-cygwin\jdk8u121\8372\hotspot\src\share\vm\classfile\systemDictionary.cpp, line 210]
Event: 15.781 Thread 0x000000000476d800 Exception <a 'java/lang/ClassNotFoundException': java/lang/ref> (0x00000000d784d330) thrown at [C:\re\workspace\8-2-build-windows-amd64-cygwin\jdk8u121\8372\hotspot\src\share\vm\classfile\systemDictionary.cpp, line 210]
Event: 15.783 Thread 0x000000000476d800 Exception <a 'java/lang/ClassNotFoundException': java/lang/ref/package> (0x00000000d784e320) thrown at [C:\re\workspace\8-2-build-windows-amd64-cygwin\jdk8u121\8372\hotspot\src\share\vm\classfile\systemDictionary.cpp, line 210]
Event: 16.037 Thread 0x000000000476d800 Exception <a 'java/lang/ClassNotFoundException': java/lang/invoke> (0x00000000d81a0488) thrown at [C:\re\workspace\8-2-build-windows-amd64-cygwin\jdk8u121\8372\hotspot\src\share\vm\classfile\systemDictionary.cpp, line 210]
Event: 16.038 Thread 0x000000000476d800 Exception <a 'java/lang/ClassNotFoundException': java/lang/invoke/package> (0x00000000d81a13a8) thrown at [C:\re\workspace\8-2-build-windows-amd64-cygwin\jdk8u121\8372\hotspot\src\share\vm\classfile\systemDictionary.cpp, line 210]
Event: 16.223 Thread 0x000000000476d800 Exception <a 'java/lang/ClassNotFoundException': java/lang/annotation> (0x00000000d86c0110) thrown at [C:\re\workspace\8-2-build-windows-amd64-cygwin\jdk8u121\8372\hotspot\src\share\vm\classfile\systemDictionary.cpp, line 210]
Event: 16.223 Thread 0x000000000476d800 Exception <a 'java/lang/ClassNotFoundException': java/lang/annotation/package> (0x00000000d86c1050) thrown at [C:\re\workspace\8-2-build-windows-amd64-cygwin\jdk8u121\8372\hotspot\src\share\vm\classfile\systemDictionary.cpp, line 210]
Event: 16.711 Thread 0x000000000476d800 Implicit null exception at 0x0000000004daf922 to 0x0000000004dafae9

Events (10 events):
Event: 38.254 Executing VM operation: ParallelGCFailedAllocation
Event: 38.269 Executing VM operation: ParallelGCFailedAllocation done
Event: 38.399 Thread 0x000000000476d800 DEOPT PACKING pc=0x0000000005053ceb sp=0x000000000496e3e0
Event: 38.399 Thread 0x000000000476d800 DEOPT UNPACKING pc=0x0000000004c1787f sp=0x000000000496e138 mode 0
Event: 38.816 Executing VM operation: ParallelGCFailedAllocation
Event: 38.826 Executing VM operation: ParallelGCFailedAllocation done
Event: 39.337 Thread 0x00000000686d3000 Uncommon trap: trap_request=0xffffff65 fr.pc=0x0000000005888638
Event: 39.337 Thread 0x00000000686d3000 DEOPT PACKING pc=0x0000000005888638 sp=0x0000000069d0f020
Event: 39.337 Thread 0x00000000686d3000 DEOPT UNPACKING pc=0x0000000004c1582a sp=0x0000000069d0efc8 mode 2
Event: 39.445 Executing VM operation: ParallelGCFailedAllocation


Dynamic libraries:
0x00007ff7d1910000 - 0x00007ff7d1947000 	C:\Program Files\Java\jdk1.8.0_121\bin\java.exe
0x00007ffca1b40000 - 0x00007ffca1d20000 	C:\WINDOWS\SYSTEM32\ntdll.dll
0x00007ffca1440000 - 0x00007ffca14ee000 	C:\WINDOWS\System32\KERNEL32.DLL
0x00007ffc9eb50000 - 0x00007ffc9edb6000 	C:\WINDOWS\System32\KERNELBASE.dll
0x00007ffc9f6b0000 - 0x00007ffc9f751000 	C:\WINDOWS\System32\ADVAPI32.dll
0x00007ffca1960000 - 0x00007ffca19fd000 	C:\WINDOWS\System32\msvcrt.dll
0x00007ffc9f650000 - 0x00007ffc9f6ab000 	C:\WINDOWS\System32\sechost.dll
0x00007ffc9f760000 - 0x00007ffc9f87f000 	C:\WINDOWS\System32\RPCRT4.dll
0x00007ffca14f0000 - 0x00007ffca167f000 	C:\WINDOWS\System32\USER32.dll
0x00007ffc9dfa0000 - 0x00007ffc9dfc0000 	C:\WINDOWS\System32\win32u.dll
0x00007ffc9f060000 - 0x00007ffc9f088000 	C:\WINDOWS\System32\GDI32.dll
0x00007ffc9e710000 - 0x00007ffc9e8a3000 	C:\WINDOWS\System32\gdi32full.dll
0x00007ffc9edc0000 - 0x00007ffc9ee5b000 	C:\WINDOWS\System32\msvcp_win.dll
0x00007ffc9ef10000 - 0x00007ffc9f006000 	C:\WINDOWS\System32\ucrtbase.dll
0x00007ffc90240000 - 0x00007ffc904a9000 	C:\WINDOWS\WinSxS\amd64_microsoft.windows.common-controls_6595b64144ccf1df_6.0.16299.431_none_15c7d3ee93659e73\COMCTL32.dll
0x00007ffc9f880000 - 0x00007ffc9fb88000 	C:\WINDOWS\System32\combase.dll
0x00007ffc9ea80000 - 0x00007ffc9eaf2000 	C:\WINDOWS\System32\bcryptPrimitives.dll
0x00007ffc9f030000 - 0x00007ffc9f05d000 	C:\WINDOWS\System32\IMM32.DLL
0x0000000074fb0000 - 0x0000000075082000 	C:\Program Files\Java\jdk1.8.0_121\jre\bin\msvcr100.dll
0x0000000074710000 - 0x0000000074fab000 	C:\Program Files\Java\jdk1.8.0_121\jre\bin\server\jvm.dll
0x00007ffca1b00000 - 0x00007ffca1b08000 	C:\WINDOWS\System32\PSAPI.DLL
0x00007ffc8b870000 - 0x00007ffc8b879000 	C:\WINDOWS\SYSTEM32\WSOCK32.dll
0x00007ffc98f60000 - 0x00007ffc98f83000 	C:\WINDOWS\SYSTEM32\WINMM.dll
0x00007ffca12c0000 - 0x00007ffca132c000 	C:\WINDOWS\System32\WS2_32.dll
0x00007ffc9b920000 - 0x00007ffc9b92a000 	C:\WINDOWS\SYSTEM32\VERSION.dll
0x00007ffc98e90000 - 0x00007ffc98eba000 	C:\WINDOWS\SYSTEM32\winmmbase.dll
0x00007ffc9eb00000 - 0x00007ffc9eb4a000 	C:\WINDOWS\System32\cfgmgr32.dll
0x0000000074700000 - 0x000000007470f000 	C:\Program Files\Java\jdk1.8.0_121\jre\bin\verify.dll
0x00000000746d0000 - 0x00000000746f9000 	C:\Program Files\Java\jdk1.8.0_121\jre\bin\java.dll
0x00000000764c0000 - 0x00000000764e3000 	C:\Program Files\Java\jdk1.8.0_121\jre\bin\instrument.dll
0x00000000746b0000 - 0x00000000746c6000 	C:\Program Files\Java\jdk1.8.0_121\jre\bin\zip.dll
0x00007ffc9fb90000 - 0x00007ffca0fc8000 	C:\WINDOWS\System32\SHELL32.dll
0x00007ffca1680000 - 0x00007ffca1726000 	C:\WINDOWS\System32\shcore.dll
0x00007ffc9dfc0000 - 0x00007ffc9e707000 	C:\WINDOWS\System32\windows.storage.dll
0x00007ffca1170000 - 0x00007ffca11c1000 	C:\WINDOWS\System32\shlwapi.dll
0x00007ffc9df00000 - 0x00007ffc9df11000 	C:\WINDOWS\System32\kernel.appcore.dll
0x00007ffc9deb0000 - 0x00007ffc9defc000 	C:\WINDOWS\System32\powrprof.dll
0x00007ffc9de90000 - 0x00007ffc9deab000 	C:\WINDOWS\System32\profapi.dll
0x00007ffc8d2d0000 - 0x00007ffc8d2ea000 	C:\Program Files\JetBrains\IntelliJ IDEA Community Edition 2018.1.3\bin\breakgen64.dll
0x0000000074690000 - 0x00000000746aa000 	C:\Program Files\Java\jdk1.8.0_121\jre\bin\net.dll
0x00007ffc9d3d0000 - 0x00007ffc9d436000 	C:\WINDOWS\system32\mswsock.dll
0x00007ffc9dbc0000 - 0x00007ffc9dbd7000 	C:\WINDOWS\SYSTEM32\CRYPTSP.dll
0x00007ffc9cfd0000 - 0x00007ffc9d003000 	C:\WINDOWS\system32\rsaenh.dll
0x00007ffc9d950000 - 0x00007ffc9d975000 	C:\WINDOWS\SYSTEM32\bcrypt.dll
0x00007ffc9dd90000 - 0x00007ffc9ddb9000 	C:\WINDOWS\SYSTEM32\USERENV.dll
0x00007ffc9d590000 - 0x00007ffc9d59b000 	C:\WINDOWS\SYSTEM32\CRYPTBASE.dll
0x00007ffc9d160000 - 0x00007ffc9d199000 	C:\WINDOWS\SYSTEM32\IPHLPAPI.DLL
0x00007ffca1730000 - 0x00007ffca1738000 	C:\WINDOWS\System32\NSI.dll
0x00007ffc91cc0000 - 0x00007ffc91cd6000 	C:\WINDOWS\SYSTEM32\dhcpcsvc6.DLL
0x00007ffc91ca0000 - 0x00007ffc91cba000 	C:\WINDOWS\SYSTEM32\dhcpcsvc.DLL
0x0000000074670000 - 0x0000000074681000 	C:\Program Files\Java\jdk1.8.0_121\jre\bin\nio.dll
0x0000000076320000 - 0x00000000764b8000 	C:\Program Files\Java\jdk1.8.0_121\jre\bin\awt.dll
0x00007ffca1890000 - 0x00007ffca1955000 	C:\WINDOWS\System32\OLEAUT32.dll
0x00007ffc9b6d0000 - 0x00007ffc9b758000 	C:\WINDOWS\SYSTEM32\apphelp.dll
0x00007ffc9b800000 - 0x00007ffc9b895000 	C:\WINDOWS\system32\uxtheme.dll
0x00007ffc9f090000 - 0x00007ffc9f1f7000 	C:\WINDOWS\System32\MSCTF.dll
0x00007ffc9bb10000 - 0x00007ffc9bb3a000 	C:\WINDOWS\system32\dwmapi.dll
0x00007ffca1740000 - 0x00007ffca1889000 	C:\WINDOWS\System32\ole32.dll
0x0000000076310000 - 0x0000000076317000 	C:\Program Files\Java\jdk1.8.0_121\jre\bin\jawt.dll
0x00000000637c0000 - 0x00000000637cd000 	C:\Users\Lukas\AppData\Local\Temp\scalismo_native-5017051643150685802.tmp\jogl-5180202877275049525.tmp\gluegen-rt.dll
0x000000006a440000 - 0x000000006a44d000 	C:\Users\Lukas\AppData\Local\Temp\scalismo_native-5017051643150685802.tmp\jogl-5180202877275049525.tmp\nativewindow_awt.dll
0x000000006c100000 - 0x000000006c10f000 	C:\Users\Lukas\AppData\Local\Temp\scalismo_native-5017051643150685802.tmp\jogl-5180202877275049525.tmp\nativewindow_win32.dll
0x0000000064500000 - 0x00000000645a2000 	C:\Users\Lukas\AppData\Local\Temp\scalismo_native-5017051643150685802.tmp\jogl-5180202877275049525.tmp\jogl_desktop.dll
0x0000000064340000 - 0x000000006438e000 	C:\Users\Lukas\AppData\Local\Temp\scalismo_native-5017051643150685802.tmp\jogl-5180202877275049525.tmp\jogl_mobile.dll
0x000000006cbc0000 - 0x000000006cbd2000 	C:\Users\Lukas\AppData\Local\Temp\scalismo_native-5017051643150685802.tmp\jogl-5180202877275049525.tmp\newt.dll
0x00007ffc764e0000 - 0x00007ffc765fe000 	C:\WINDOWS\system32\opengl32.dll
0x00007ffc75b50000 - 0x00007ffc75b7c000 	C:\WINDOWS\SYSTEM32\GLU32.dll
0x00007ffc9a3d0000 - 0x00007ffc9a3da000 	C:\ai_toolkit\anaconda\Library\bin\libEGL.dll
0x00007ffc6b820000 - 0x00007ffc6ba90000 	C:\Program Files\MiKTeX 2.9\miktex\bin\x64\libGLESv2.dll
0x00007ffc74640000 - 0x00007ffc74656000 	C:\WINDOWS\SYSTEM32\VCRUNTIME140.dll
0x00007ffc95760000 - 0x00007ffc958f5000 	C:\WINDOWS\SYSTEM32\d3d9.dll
0x00007ffc73c90000 - 0x00007ffc73d2c000 	C:\WINDOWS\SYSTEM32\MSVCP140.dll
0x00007ffc554e0000 - 0x00007ffc56028000 	C:\WINDOWS\SYSTEM32\ig75icd64.dll
0x00007ffc94c70000 - 0x00007ffc956b0000 	C:\WINDOWS\SYSTEM32\igdusc64.dll
0x00007ffc98990000 - 0x00007ffc989a3000 	C:\WINDOWS\SYSTEM32\WTSAPI32.dll
0x0000000076120000 - 0x00000000761f1000 	C:\Users\Lukas\AppData\Local\Temp\scalismo_native-5017051643150685802.tmp\vtk6-1202570171891546204.tmp\msvcr100.dll
0x0000000075170000 - 0x0000000075208000 	C:\Users\Lukas\AppData\Local\Temp\scalismo_native-5017051643150685802.tmp\vtk6-1202570171891546204.tmp\msvcp100.dll
0x00007ffc85430000 - 0x00007ffc8546d000 	C:\Users\Lukas\AppData\Local\Temp\scalismo_native-5017051643150685802.tmp\vtk6-1202570171891546204.tmp\vtksys-6.1.dll
0x00007ffc844f0000 - 0x00007ffc84503000 	C:\Users\Lukas\AppData\Local\Temp\scalismo_native-5017051643150685802.tmp\vtk6-1202570171891546204.tmp\vtkzlib-6.1.dll
0x00007ffc84040000 - 0x00007ffc8405e000 	C:\Users\Lukas\AppData\Local\Temp\scalismo_native-5017051643150685802.tmp\vtk6-1202570171891546204.tmp\vtkjpeg-6.1.dll
0x00007ffc838a0000 - 0x00007ffc838be000 	C:\Users\Lukas\AppData\Local\Temp\scalismo_native-5017051643150685802.tmp\vtk6-1202570171891546204.tmp\vtkpng-6.1.dll
0x00007ffc7f210000 - 0x00007ffc7f25b000 	C:\Users\Lukas\AppData\Local\Temp\scalismo_native-5017051643150685802.tmp\vtk6-1202570171891546204.tmp\vtktiff-6.1.dll
0x00007ffc6b640000 - 0x00007ffc6b819000 	C:\Users\Lukas\AppData\Local\Temp\scalismo_native-5017051643150685802.tmp\vtk6-1202570171891546204.tmp\vtkhdf5-6.1.dll
0x00007ffc80c60000 - 0x00007ffc80c8c000 	C:\Users\Lukas\AppData\Local\Temp\scalismo_native-5017051643150685802.tmp\vtk6-1202570171891546204.tmp\vtkhdf5_hl-6.1.dll
0x00007ffc835e0000 - 0x00007ffc835fe000 	C:\Users\Lukas\AppData\Local\Temp\scalismo_native-5017051643150685802.tmp\vtk6-1202570171891546204.tmp\vtkalglib-6.1.dll
0x00007ffc80bf0000 - 0x00007ffc80c19000 	C:\Users\Lukas\AppData\Local\Temp\scalismo_native-5017051643150685802.tmp\vtk6-1202570171891546204.tmp\vtkoggtheora-6.1.dll
0x00007ffc80460000 - 0x00007ffc8047e000 	C:\Users\Lukas\AppData\Local\Temp\scalismo_native-5017051643150685802.tmp\vtk6-1202570171891546204.tmp\vtkjsoncpp-6.1.dll
0x00007ffc6d170000 - 0x00007ffc6d262000 	C:\Users\Lukas\AppData\Local\Temp\scalismo_native-5017051643150685802.tmp\vtk6-1202570171891546204.tmp\vtklibxml2-6.1.dll
0x00007ffc7f1d0000 - 0x00007ffc7f202000 	C:\Users\Lukas\AppData\Local\Temp\scalismo_native-5017051643150685802.tmp\vtk6-1202570171891546204.tmp\vtkproj4-6.1.dll
0x00007ffc7efe0000 - 0x00007ffc7f00c000 	C:\Users\Lukas\AppData\Local\Temp\scalismo_native-5017051643150685802.tmp\vtk6-1202570171891546204.tmp\vtkverdict-6.1.dll
0x00007ffc7f8c0000 - 0x00007ffc7f8dc000 	C:\Users\Lukas\AppData\Local\Temp\scalismo_native-5017051643150685802.tmp\vtk6-1202570171891546204.tmp\vtkexpat-6.1.dll
0x00007ffc6de90000 - 0x00007ffc6def1000 	C:\Users\Lukas\AppData\Local\Temp\scalismo_native-5017051643150685802.tmp\vtk6-1202570171891546204.tmp\vtkfreetype-6.1.dll
0x00007ffc98d40000 - 0x00007ffc98d4e000 	C:\Users\Lukas\AppData\Local\Temp\scalismo_native-5017051643150685802.tmp\vtk6-1202570171891546204.tmp\vtkftgl-6.1.dll
0x00007ffc7ee10000 - 0x00007ffc7ee26000 	C:\Users\Lukas\AppData\Local\Temp\scalismo_native-5017051643150685802.tmp\vtk6-1202570171891546204.tmp\vtkgl2ps-6.1.dll
0x00007ffc6a1b0000 - 0x00007ffc6a3a1000 	C:\Users\Lukas\AppData\Local\Temp\scalismo_native-5017051643150685802.tmp\vtk6-1202570171891546204.tmp\vtkCommonCore-6.1.dll
0x00007ffc90b10000 - 0x00007ffc90b19000 	C:\Users\Lukas\AppData\Local\Temp\scalismo_native-5017051643150685802.tmp\vtk6-1202570171891546204.tmp\vtkWrappingJava-6.1.dll
0x00007ffc71210000 - 0x00007ffc7124e000 	C:\Users\Lukas\AppData\Local\Temp\scalismo_native-5017051643150685802.tmp\vtk6-1202570171891546204.tmp\vtkCommonCoreJava.dll
0x00007ffc7ed30000 - 0x00007ffc7ed4d000 	C:\Users\Lukas\AppData\Local\Temp\scalismo_native-5017051643150685802.tmp\vtk6-1202570171891546204.tmp\vtkCommonMath-6.1.dll
0x00007ffc8d310000 - 0x00007ffc8d31f000 	C:\Users\Lukas\AppData\Local\Temp\scalismo_native-5017051643150685802.tmp\vtk6-1202570171891546204.tmp\vtkCommonMathJava.dll
0x00007ffc75850000 - 0x00007ffc75865000 	C:\Users\Lukas\AppData\Local\Temp\scalismo_native-5017051643150685802.tmp\vtk6-1202570171891546204.tmp\vtkCommonMisc-6.1.dll
0x00007ffc8d2c0000 - 0x00007ffc8d2c9000 	C:\Users\Lukas\AppData\Local\Temp\scalismo_native-5017051643150685802.tmp\vtk6-1202570171891546204.tmp\vtkCommonMiscJava.dll
0x00007ffc75130000 - 0x00007ffc75147000 	C:\Users\Lukas\AppData\Local\Temp\scalismo_native-5017051643150685802.tmp\vtk6-1202570171891546204.tmp\vtkCommonSystem-6.1.dll
0x00007ffc8b300000 - 0x00007ffc8b30a000 	C:\Users\Lukas\AppData\Local\Temp\scalismo_native-5017051643150685802.tmp\vtk6-1202570171891546204.tmp\vtkCommonSystemJava.dll
0x00007ffc6e7f0000 - 0x00007ffc6e818000 	C:\Users\Lukas\AppData\Local\Temp\scalismo_native-5017051643150685802.tmp\vtk6-1202570171891546204.tmp\vtkCommonTransforms-6.1.dll
0x00007ffc6de70000 - 0x00007ffc6de82000 	C:\Users\Lukas\AppData\Local\Temp\scalismo_native-5017051643150685802.tmp\vtk6-1202570171891546204.tmp\vtkCommonTransformsJava.dll
0x00007ffc68790000 - 0x00007ffc68999000 	C:\Users\Lukas\AppData\Local\Temp\scalismo_native-5017051643150685802.tmp\vtk6-1202570171891546204.tmp\vtkCommonDataModel-6.1.dll
0x00007ffc6c5a0000 - 0x00007ffc6c623000 	C:\Users\Lukas\AppData\Local\Temp\scalismo_native-5017051643150685802.tmp\vtk6-1202570171891546204.tmp\vtkCommonDataModelJava.dll
0x00007ffc6de50000 - 0x00007ffc6de6b000 	C:\Users\Lukas\AppData\Local\Temp\scalismo_native-5017051643150685802.tmp\vtk6-1202570171891546204.tmp\vtkCommonColor-6.1.dll
0x00007ffc8b2a0000 - 0x00007ffc8b2a9000 	C:\Users\Lukas\AppData\Local\Temp\scalismo_native-5017051643150685802.tmp\vtk6-1202570171891546204.tmp\vtkCommonColorJava.dll
0x00007ffc6de30000 - 0x00007ffc6de4c000 	C:\Users\Lukas\AppData\Local\Temp\scalismo_native-5017051643150685802.tmp\vtk6-1202570171891546204.tmp\vtkCommonComputationalGeometry-6.1.dll
0x00007ffc8a7b0000 - 0x00007ffc8a7bd000 	C:\Users\Lukas\AppData\Local\Temp\scalismo_native-5017051643150685802.tmp\vtk6-1202570171891546204.tmp\vtkCommonComputationalGeometryJava.dll
0x00007ffc6bdc0000 - 0x00007ffc6be33000 	C:\Users\Lukas\AppData\Local\Temp\scalismo_native-5017051643150685802.tmp\vtk6-1202570171891546204.tmp\vtkCommonExecutionModel-6.1.dll
0x00007ffc6da40000 - 0x00007ffc6da62000 	C:\Users\Lukas\AppData\Local\Temp\scalismo_native-5017051643150685802.tmp\vtk6-1202570171891546204.tmp\vtkCommonExecutionModelJava.dll
0x00007ffc6de10000 - 0x00007ffc6de2d000 	C:\Users\Lukas\AppData\Local\Temp\scalismo_native-5017051643150685802.tmp\vtk6-1202570171891546204.tmp\vtkDICOMParser-6.1.dll
0x00007ffc6bd40000 - 0x00007ffc6bdb6000 	C:\Users\Lukas\AppData\Local\Temp\scalismo_native-5017051643150685802.tmp\vtk6-1202570171891546204.tmp\vtkmetaio-6.1.dll
0x00007ffc6d2c0000 - 0x00007ffc6d30f000 	C:\Users\Lukas\AppData\Local\Temp\scalismo_native-5017051643150685802.tmp\vtk6-1202570171891546204.tmp\vtkIOCore-6.1.dll
0x00007ffc80c50000 - 0x00007ffc80c5d000 	C:\Users\Lukas\AppData\Local\Temp\scalismo_native-5017051643150685802.tmp\vtk6-1202570171891546204.tmp\vtkIOCoreJava.dll
0x00007ffc6b5d0000 - 0x00007ffc6b634000 	C:\Users\Lukas\AppData\Local\Temp\scalismo_native-5017051643150685802.tmp\vtk6-1202570171891546204.tmp\vtkIOLegacy-6.1.dll
0x00007ffc6dab0000 - 0x00007ffc6dac1000 	C:\Users\Lukas\AppData\Local\Temp\scalismo_native-5017051643150685802.tmp\vtk6-1202570171891546204.tmp\vtkIOLegacyJava.dll
0x00007ffc6b530000 - 0x00007ffc6b5c7000 	C:\Users\Lukas\AppData\Local\Temp\scalismo_native-5017051643150685802.tmp\vtk6-1202570171891546204.tmp\vtkIOImage-6.1.dll
0x00007ffc6da20000 - 0x00007ffc6da37000 	C:\Users\Lukas\AppData\Local\Temp\scalismo_native-5017051643150685802.tmp\vtk6-1202570171891546204.tmp\vtkIOImageJava.dll
0x00007ffc6d6d0000 - 0x00007ffc6d70e000 	C:\Users\Lukas\AppData\Local\Temp\scalismo_native-5017051643150685802.tmp\vtk6-1202570171891546204.tmp\vtkParallelCore-6.1.dll
0x00007ffc80be0000 - 0x00007ffc80bee000 	C:\Users\Lukas\AppData\Local\Temp\scalismo_native-5017051643150685802.tmp\vtk6-1202570171891546204.tmp\vtkParallelCoreJava.dll
0x00007ffc6a0a0000 - 0x00007ffc6a1a7000 	C:\Users\Lukas\AppData\Local\Temp\scalismo_native-5017051643150685802.tmp\vtk6-1202570171891546204.tmp\vtkImagingCore-6.1.dll
0x00007ffc6da00000 - 0x00007ffc6da1d000 	C:\Users\Lukas\AppData\Local\Temp\scalismo_native-5017051643150685802.tmp\vtk6-1202570171891546204.tmp\vtkImagingCoreJava.dll
0x00007ffc6d4d0000 - 0x00007ffc6d4ec000 	C:\Users\Lukas\AppData\Local\Temp\scalismo_native-5017051643150685802.tmp\vtk6-1202570171891546204.tmp\vtkImagingFourier-6.1.dll
0x00007ffc809a0000 - 0x00007ffc809aa000 	C:\Users\Lukas\AppData\Local\Temp\scalismo_native-5017051643150685802.tmp\vtk6-1202570171891546204.tmp\vtkImagingFourierJava.dll
0x00007ffc6d0e0000 - 0x00007ffc6d108000 	C:\Users\Lukas\AppData\Local\Temp\scalismo_native-5017051643150685802.tmp\vtk6-1202570171891546204.tmp\vtkImagingSources-6.1.dll

VM Arguments:
jvm_args: -javaagent:C:\Program Files\JetBrains\IntelliJ IDEA Community Edition 2018.1.3\lib\idea_rt.jar=51371:C:\Program Files\JetBrains\IntelliJ IDEA Community Edition 2018.1.3\bin -Dfile.encoding=UTF-8 
java_command: shape_modelling.Segmentation
java_class_path (initial): C:\Program Files\Java\jdk1.8.0_121\jre\lib\charsets.jar;C:\Program Files\Java\jdk1.8.0_121\jre\lib\deploy.jar;C:\Program Files\Java\jdk1.8.0_121\jre\lib\ext\access-bridge-64.jar;C:\Program Files\Java\jdk1.8.0_121\jre\lib\ext\cldrdata.jar;C:\Program Files\Java\jdk1.8.0_121\jre\lib\ext\dnsns.jar;C:\Program Files\Java\jdk1.8.0_121\jre\lib\ext\jaccess.jar;C:\Program Files\Java\jdk1.8.0_121\jre\lib\ext\jfxrt.jar;C:\Program Files\Java\jdk1.8.0_121\jre\lib\ext\localedata.jar;C:\Program Files\Java\jdk1.8.0_121\jre\lib\ext\nashorn.jar;C:\Program Files\Java\jdk1.8.0_121\jre\lib\ext\sunec.jar;C:\Program Files\Java\jdk1.8.0_121\jre\lib\ext\sunjce_provider.jar;C:\Program Files\Java\jdk1.8.0_121\jre\lib\ext\sunmscapi.jar;C:\Program Files\Java\jdk1.8.0_121\jre\lib\ext\sunpkcs11.jar;C:\Program Files\Java\jdk1.8.0_121\jre\lib\ext\zipfs.jar;C:\Program Files\Java\jdk1.8.0_121\jre\lib\javaws.jar;C:\Program Files\Java\jdk1.8.0_121\jre\lib\jce.jar;C:\Program Files\Java\jdk1.8.0_121\jre\lib\jfr.jar;C:\Program Files\Java\jdk1.8.0_121\jre\lib\jfxswt.jar;C:\Program Files\Java\jdk1.8.0_121\jre\lib\jsse.jar;C:\Program Files\Java\jdk1.8.0_121\jre\lib\management-agent.jar;C:\Program Files\Java\jdk1.8.0_121\jre\lib\plugin.jar;C:\Program Files\Java\jdk1.8.0_121\jre\lib\resources.jar;C:\Program Files\Java\jdk1.8.0_121\jre\lib\rt.jar;C:\Users\Lukas\Google Drive\Basel\Shape Modelling\ex3\minimal-scalismo-seed\target\scala-2.11\classes;C:\Users\Lukas\.ivy2\cache\ch.unibas.cs.gravis\scalismo-native-all\jars\scalismo-native-all-3.0.0.jar;C:\Users\Lukas\.ivy2\cache\ch.unibas.cs.gravis\scalismo-native-stub\jars\scalismo-native-stub-3.0.0.jar;C:\Users\Lukas\.ivy2\cache\ch.unibas.cs.gravis\scalismo-sampling_2.11\jars\scalismo-sampling_2.11-develop-SNAPSHOT.jar;C:\Users\Lukas\.ivy2\cache\ch.unibas.cs.gravis\scalismo-ui_2.11\jars\scalismo-ui_2.11-0.6.2.jar;C:\Users\Lukas\.ivy2\cache\ch.unibas.cs.gravis\scalismo_2.11\jars\scalismo_2.11-0.10.0.jar;C:\Users\Lukas\.ivy2\cache\com.gith
Launcher Type: SUN_STANDARD

Environment Variables:
JAVA_HOME=C:\Program Files\Java\jre1.8.0_171
USERNAME=Lukas
OS=Windows_NT
PROCESSOR_IDENTIFIER=Intel64 Family 6 Model 60 Stepping 3, GenuineIntel



---------------  S Y S T E M  ---------------

OS: Windows 10.0 , 64 bit Build 16299 (10.0.16299.431)

CPU:total 4 (2 cores per cpu, 2 threads per core) family 6 model 60 stepping 3, cmov, cx8, fxsr, mmx, sse, sse2, sse3, ssse3, sse4.1, sse4.2, popcnt, avx, avx2, aes, clmul, erms, lzcnt, ht, tsc, tscinvbit, bmi1, bmi2

Memory: 4k page, physical 8096224k(1186268k free), swap 16192448k(6251464k free)

vm_info: Java HotSpot(TM) 64-Bit Server VM (25.121-b13) for windows-amd64 JRE (1.8.0_121-b13), built on Dec 12 2016 18:21:36 by "java_re" with MS VC++ 10.0 (VS2010)

time: Tue May 15 18:39:25 2018
elapsed time: 39 seconds (0d 0h 0m 39s)

